android/app/build/outputs/mapping/release/seeds.txt
com.sangha1.MainActivity
com.sangha1.MainActivity: MainActivity()
com.sangha1.MainApplication
com.sangha1.MainApplication: MainApplication()
com.sangha1.R$anim: int abc_fade_in
com.sangha1.R$anim: int abc_fade_out
com.sangha1.R$anim: int abc_grow_fade_in_from_bottom
com.sangha1.R$anim: int abc_popup_enter
com.sangha1.R$anim: int abc_popup_exit
com.sangha1.R$anim: int abc_shrink_fade_out_from_bottom
com.sangha1.R$anim: int abc_slide_in_bottom
com.sangha1.R$anim: int abc_slide_in_top
com.sangha1.R$anim: int abc_slide_out_bottom
com.sangha1.R$anim: int abc_slide_out_top
com.sangha1.R$anim: int catalyst_push_up_in
com.sangha1.R$anim: int catalyst_push_up_out
com.sangha1.R$anim: int fade_in
com.sangha1.R$anim: int fade_out
com.sangha1.R$anim: int slide_down
com.sangha1.R$anim: int slide_up
com.sangha1.R$attr: int actionBarDivider
com.sangha1.R$attr: int actionBarItemBackground
com.sangha1.R$attr: int actionBarPopupTheme
com.sangha1.R$attr: int actionBarSize
com.sangha1.R$attr: int actionBarSplitStyle
com.sangha1.R$attr: int actionBarStyle
com.sangha1.R$attr: int actionBarTabBarStyle
com.sangha1.R$attr: int actionBarTabStyle
com.sangha1.R$attr: int actionBarTabTextStyle
com.sangha1.R$attr: int actionBarTheme
com.sangha1.R$attr: int actionBarWidgetTheme
com.sangha1.R$attr: int actionButtonStyle
com.sangha1.R$attr: int actionDropDownStyle
com.sangha1.R$attr: int actionLayout
com.sangha1.R$attr: int actionMenuTextAppearance
com.sangha1.R$attr: int actionMenuTextColor
com.sangha1.R$attr: int actionModeBackground
com.sangha1.R$attr: int actionModeCloseButtonStyle
com.sangha1.R$attr: int actionModeCloseDrawable
com.sangha1.R$attr: int actionModeCopyDrawable
com.sangha1.R$attr: int actionModeCutDrawable
com.sangha1.R$attr: int actionModeFindDrawable
com.sangha1.R$attr: int actionModePasteDrawable
com.sangha1.R$attr: int actionModePopupWindowStyle
com.sangha1.R$attr: int actionModeSelectAllDrawable
com.sangha1.R$attr: int actionModeShareDrawable
com.sangha1.R$attr: int actionModeSplitBackground
com.sangha1.R$attr: int actionModeStyle
com.sangha1.R$attr: int actionModeWebSearchDrawable
com.sangha1.R$attr: int actionOverflowButtonStyle
com.sangha1.R$attr: int actionOverflowMenuStyle
com.sangha1.R$attr: int actionProviderClass
com.sangha1.R$attr: int actionViewClass
com.sangha1.R$bool: int abc_action_bar_embed_tabs
com.sangha1.R$bool: int abc_action_bar_embed_tabs_pre_jb
com.sangha1.R$bool: int abc_action_bar_expanded_action_views_exclusive
com.sangha1.R$bool: int abc_config_actionMenuItemAllCaps
com.sangha1.R$bool: int abc_config_allowActionMenuItemTextWithIcon
com.sangha1.R$bool: int abc_config_closeDialogWhenTouchOutside
com.sangha1.R$bool: int abc_config_showMenuShortcutsWhenKeyboardPresent
...
okhttp3.internal.platform.JdkWithJettyBootPlatform
okhttp3.internal.platform.JdkWithJettyBootPlatform: java.lang.reflect.Method putMethod
okhttp3.internal.platform.JdkWithJettyBootPlatform: java.lang.reflect.Method getMethod
okhttp3.internal.platform.JdkWithJettyBootPlatform: java.lang.reflect.Method removeMethod
okhttp3.internal.platform.JdkWithJettyBootPlatform: java.lang.Class clientProviderClass
okhttp3.internal.platform.JdkWithJettyBootPlatform: java.lang.Class serverProviderClass
okhttp3.internal.platform.JdkWithJettyBootPlatform: JdkWithJettyBootPlatform(java.lang.reflect.Method,java.lang.reflect.Method,java.lang.reflect.Method,java.lang.Class,java.lang.Class)
okhttp3.internal.platform.JdkWithJettyBootPlatform: void configureTlsExtensions(javax.net.ssl.SSLSocket,java.lang.String,java.util.List)
okhttp3.internal.platform.JdkWithJettyBootPlatform: void afterHandshake(javax.net.ssl.SSLSocket)
okhttp3.internal.platform.JdkWithJettyBootPlatform: java.lang.String getSelectedProtocol(javax.net.ssl.SSLSocket)
okhttp3.internal.platform.JdkWithJettyBootPlatform: okhttp3.internal.platform.Platform buildIfSupported()
okhttp3.internal.platform.JdkWithJettyBootPlatform$JettyNegoProvider
okhttp3.internal.platform.JdkWithJettyBootPlatform$JettyNegoProvider: java.util.List protocols
okhttp3.internal.platform.JdkWithJettyBootPlatform$JettyNegoProvider: boolean unsupported
okhttp3.internal.platform.JdkWithJettyBootPlatform$JettyNegoProvider: java.lang.String selected
okhttp3.internal.platform.JdkWithJettyBootPlatform$JettyNegoProvider: JdkWithJettyBootPlatform$JettyNegoProvider(java.util.List)
okhttp3.internal.platform.JdkWithJettyBootPlatform$JettyNegoProvider: java.lang.Object invoke(java.lang.Object,java.lang.reflect.Method,java.lang.Object[])
okhttp3.internal.platform.OptionalMethod
okhttp3.internal.platform.OptionalMethod: java.lang.Class returnType
okhttp3.internal.platform.OptionalMethod: java.lang.String methodName
okhttp3.internal.platform.OptionalMethod: java.lang.Class[] methodParams
okhttp3.internal.platform.OptionalMethod: OptionalMethod(java.lang.Class,java.lang.String,java.lang.Class[])
okhttp3.internal.platform.OptionalMethod: boolean isSupported(java.lang.Object)
okhttp3.internal.platform.OptionalMethod: java.lang.Object invokeOptional(java.lang.Object,java.lang.Object[])
okhttp3.internal.platform.OptionalMethod: java.lang.Object invokeOptionalWithoutCheckedException(java.lang.Object,java.lang.Object[])
okhttp3.internal.platform.OptionalMethod: java.lang.Object invoke(java.lang.Object,java.lang.Object[])
okhttp3.internal.platform.OptionalMethod: java.lang.Object invokeWithoutCheckedException(java.lang.Object,java.lang.Object[])
okhttp3.internal.platform.OptionalMethod: java.lang.reflect.Method getMethod(java.lang.Class)
okhttp3.internal.platform.OptionalMethod: java.lang.reflect.Method getPublicMethod(java.lang.Class,java.lang.String,java.lang.Class[])