android/app/build/outputs/mapping/release/usage.txt
com.sangha1.BuildConfig
com.sangha1.R
com.sangha1.R$anim
com.sangha1.R$attr
com.sangha1.R$bool
com.sangha1.R$color
com.sangha1.R$dimen
com.sangha1.R$drawable
com.sangha1.R$id
com.sangha1.R$integer
com.sangha1.R$layout
com.sangha1.R$mipmap
com.sangha1.R$string
com.sangha1.R$style
com.sangha1.R$styleable
com.sangha1.R$xml
...
android.support.v4.view.KeyEventCompat$BaseKeyEventVersionImpl:
    private static final int META_MODIFIER_MASK
    private static final int META_ALL_MASK
    103:103:public boolean isTracking(android.view.KeyEvent)
    108:108:public java.lang.Object getKeyDispatcherState(android.view.View)
    114:114:public boolean dispatch(android.view.KeyEvent,android.view.KeyEvent$Callback,java.lang.Object,java.lang.Object)
android.support.v4.view.KeyEventCompat$EclairKeyEventVersionImpl:
    126:126:public boolean isTracking(android.view.KeyEvent)
    131:131:public java.lang.Object getKeyDispatcherState(android.view.View)
    137:137:public boolean dispatch(android.view.KeyEvent,android.view.KeyEvent$Callback,java.lang.Object,java.lang.Object)
android.support.v4.view.KeyEventCompat$KeyEventVersionImpl:
    public abstract int normalizeMetaState(int)
    public abstract boolean isTracking(android.view.KeyEvent)
    public abstract java.lang.Object getKeyDispatcherState(android.view.View)
    public abstract boolean dispatch(android.view.KeyEvent,android.view.KeyEvent$Callback,java.lang.Object,java.lang.Object)
android.support.v4.view.KeyEventCompatEclair:
    23:23:KeyEventCompatEclair()
    25:25:public static java.lang.Object getKeyDispatcherState(android.view.View)
    30:30:public static boolean dispatch(android.view.KeyEvent,android.view.KeyEvent$Callback,java.lang.Object,java.lang.Object)
    38:38:public static boolean isTracking(android.view.KeyEvent)
android.support.v4.view.KeyEventCompatHoneycomb:
    24:24:KeyEventCompatHoneycomb()
android.support.v4.view.LayoutInflaterCompat:
    68:69:private LayoutInflaterCompat()
android.support.v4.view.LayoutInflaterCompatBase:
    24:26:LayoutInflaterCompatBase()
android.support.v4.view.LayoutInflaterCompatHC:
    private static final java.lang.String TAG
    28:34:LayoutInflaterCompatHC()
android.support.v4.view.LayoutInflaterCompatLollipop:
    22:22:LayoutInflaterCompatLollipop()
android.support.v4.view.MarginLayoutParamsCompat:
    27:82:public MarginLayoutParamsCompat()
    177:178:public static void setMarginStart(android.view.ViewGroup$MarginLayoutParams,int)
    192:193:public static void setMarginEnd(android.view.ViewGroup$MarginLayoutParams,int)
    201:201:public static boolean isMarginRelative(android.view.ViewGroup$MarginLayoutParams)
    211:211:public static int getLayoutDirection(android.view.ViewGroup$MarginLayoutParams)
    222:223:public static void setLayoutDirection(android.view.ViewGroup$MarginLayoutParams,int)
    231:232:public static void resolveLayoutDirection(android.view.ViewGroup$MarginLayoutParams,int)
android.support.v4.view.MarginLayoutParamsCompat$MarginLayoutParamsCompatImpl:
    public abstract void setMarginStart(android.view.ViewGroup$MarginLayoutParams,int)
    public abstract void setMarginEnd(android.view.ViewGroup$MarginLayoutParams,int)
    public abstract boolean isMarginRelative(android.view.ViewGroup$MarginLayoutParams)
    public abstract int getLayoutDirection(android.view.ViewGroup$MarginLayoutParams)
    public abstract void setLayoutDirection(android.view.ViewGroup$MarginLayoutParams,int)
    public abstract void resolveLayoutDirection(android.view.ViewGroup$MarginLayoutParams,int)
android.support.v4.view.MarginLayoutParamsCompat$MarginLayoutParamsCompatImplBase:
    53:54:public void setMarginStart(android.view.ViewGroup$MarginLayoutParams,int)
    58:59:public void setMarginEnd(android.view.ViewGroup$MarginLayoutParams,int)
    63:63:public boolean isMarginRelative(android.view.ViewGroup$MarginLayoutParams)
    68:68:public int getLayoutDirection(android.view.ViewGroup$MarginLayoutParams)
    74:74:public void setLayoutDirection(android.view.ViewGroup$MarginLayoutParams,int)
    79:79:public void resolveLayoutDirection(android.view.ViewGroup$MarginLayoutParams,int)